<?xml version="1.0" encoding="UTF-8"?>
<testng-results ignored="0" total="6" passed="6" failed="0" skipped="0">
  <reporter-output>
  </reporter-output>
  <suite started-at="2023-01-24T15:05:15 IST" name="Default suite" finished-at="2023-01-24T15:05:15 IST" duration-ms="103">
    <groups>
    </groups>
    <test started-at="2023-01-24T15:05:15 IST" name="Default test" finished-at="2023-01-24T15:05:15 IST" duration-ms="103">
      <class name="com.TestNG.Annotations1">
        <test-method signature="gmailApplicationclose()[pri:0, instance:com.TestNG.Annotations1@3315d2d7]" started-at="2023-01-24T15:05:15 IST" name="gmailApplicationclose" finished-at="2023-01-24T15:05:15 IST" duration-ms="12" status="PASS">
          <reporter-output>
          </reporter-output>
        </test-method> <!-- gmailApplicationclose -->
        <test-method signature="gmailApplicationlounch()[pri:0, instance:com.TestNG.Annotations1@3315d2d7]" started-at="2023-01-24T15:05:15 IST" name="gmailApplicationlounch" finished-at="2023-01-24T15:05:15 IST" duration-ms="2" status="PASS">
          <reporter-output>
          </reporter-output>
        </test-method> <!-- gmailApplicationlounch -->
        <test-method signature="gmailComposemailTest()[pri:0, instance:com.TestNG.Annotations1@3315d2d7]" started-at="2023-01-24T15:05:15 IST" name="gmailComposemailTest" finished-at="2023-01-24T15:05:15 IST" duration-ms="1" status="PASS">
          <reporter-output>
          </reporter-output>
        </test-method> <!-- gmailComposemailTest -->
        <test-method signature="gmailDroftTest()[pri:0, instance:com.TestNG.Annotations1@3315d2d7]" started-at="2023-01-24T15:05:15 IST" name="gmailDroftTest" finished-at="2023-01-24T15:05:15 IST" duration-ms="2" status="PASS">
          <reporter-output>
          </reporter-output>
        </test-method> <!-- gmailDroftTest -->
        <test-method signature="gmailInBoxTest()[pri:0, instance:com.TestNG.Annotations1@3315d2d7]" started-at="2023-01-24T15:05:15 IST" name="gmailInBoxTest" finished-at="2023-01-24T15:05:15 IST" duration-ms="1" status="PASS">
          <reporter-output>
          </reporter-output>
        </test-method> <!-- gmailInBoxTest -->
        <test-method signature="gmailSentMailTest()[pri:0, instance:com.TestNG.Annotations1@3315d2d7]" started-at="2023-01-24T15:05:15 IST" name="gmailSentMailTest" finished-at="2023-01-24T15:05:15 IST" duration-ms="1" status="PASS">
          <reporter-output>
          </reporter-output>
        </test-method> <!-- gmailSentMailTest -->
      </class> <!-- com.TestNG.Annotations1 -->
    </test> <!-- Default test -->
  </suite> <!-- Default suite -->
</testng-results>
