<?xml version="1.0" encoding="UTF-8"?>
<!-- Generated by org.testng.reporters.JUnitXMLReporter -->
<testsuite ignored="0" hostname="RAJU" failures="3" tests="3" name="com.OrangeApplicationTestCases" time="2.732" errors="0" timestamp="2023-02-03T20:05:47 IST">
  <testcase classname="com.OrangeApplicationTestCases.LoginFuctionalityTest" name="validatingLoginText" time="0.014">
    <failure type="java.io.FileNotFoundException" message="\src\main\java\com\OrangeHRMApplicationTestDataFile\OHRMAddEmployeeData.xlsx (The system cannot find the path specified)">
      <![CDATA[java.io.FileNotFoundException: \src\main\java\com\OrangeHRMApplicationTestDataFile\OHRMAddEmployeeData.xlsx (The system cannot find the path specified)
at java.base/java.io.FileInputStream.open0(Native Method)
at java.base/java.io.FileInputStream.open(FileInputStream.java:216)
at java.base/java.io.FileInputStream.<init>(FileInputStream.java:157)
at java.base/java.io.FileInputStream.<init>(FileInputStream.java:111)
at com.Utility.ExcelCommonMethods.<init>(ExcelCommonMethods.java:24)
at com.OrangeApplicationTestCases.LoginFuctionalityTest.validatingLoginText(LoginFuctionalityTest.java:28)
at java.base/java.util.ArrayList.forEach(ArrayList.java:1511)
... Removed 27 stack frames]]>
    </failure>
  </testcase> <!-- validatingLoginText -->
  <testcase classname="com.OrangeApplicationTestCases.LoginFuctionalityTest" name="validateloginfuctionalitytest" time="0.021">
    <failure type="java.lang.NullPointerException" message="Cannot invoke &amp;quot;com.Utility.ExcelCommonMethods.saveExcelData()&amp;quot; because &amp;quot;this.excelfile&amp;quot; is null">
      <![CDATA[java.lang.NullPointerException: Cannot invoke "com.Utility.ExcelCommonMethods.saveExcelData()" because "this.excelfile" is null
at com.OrangeApplicationTestCases.LoginFuctionalityTest.validateloginfuctionalitytest(LoginFuctionalityTest.java:92)
at java.base/java.util.ArrayList.forEach(ArrayList.java:1511)
... Removed 27 stack frames]]>
    </failure>
  </testcase> <!-- validateloginfuctionalitytest -->
  <testcase classname="com.OrangeApplicationTestCases.LoginFuctionalityTest" name="Logout" time="0.001">
    <failure type="java.lang.NullPointerException" message="Cannot invoke &amp;quot;java.util.Properties.getProperty(String)&amp;quot; because &amp;quot;this.property&amp;quot; is null">
      <![CDATA[java.lang.NullPointerException: Cannot invoke "java.util.Properties.getProperty(String)" because "this.property" is null
at com.OrangeApplicationTestCases.LoginFuctionalityTest.Logout(LoginFuctionalityTest.java:129)
at java.base/java.util.ArrayList.forEach(ArrayList.java:1511)
... Removed 27 stack frames]]>
    </failure>
  </testcase> <!-- Logout -->
</testsuite> <!-- com.OrangeApplicationTestCases -->
