<?xml version="1.0" encoding="UTF-8"?>
<!-- Generated by org.testng.reporters.JUnitXMLReporter -->
<testsuite ignored="0" hostname="RAJU" failures="0" tests="3" name="Default test" time="7.54" errors="0" timestamp="2023-02-03T18:44:15 IST">
  <testcase classname="com.OrangeHRMApplicationPageTestCases.OrangeHRMLoginPageTest" name="loginPageLogoValidationTest" time="0.268"/>
  <testcase classname="com.OrangeHRMApplicationPageTestCases.OrangeHRMLoginPageTest" name="loginPageTextValidationTest" time="0.08"/>
  <testcase classname="com.OrangeHRMApplicationPageTestCases.OrangeHRMLoginPageTest" name="loginPageloginFuctionalityTest" time="1.46"/>
</testsuite> <!-- Default test -->
