<?xml version="1.0" encoding="UTF-8"?>
<!-- Generated by org.testng.reporters.JUnitXMLReporter -->
<testsuite ignored="0" hostname="RAJU" failures="0" tests="3" name="Default test" time="21.211" errors="0" timestamp="2023-02-06T17:08:59 IST">
  <testcase classname="com.OrangeHRMApplicationPageTestCases.OrangeHRMLoginPageTest" name="loginPageLogoValidationTest" time="0.223"/>
  <testcase classname="com.OrangeHRMApplicationPageTestCases.OrangeHRMLoginPageTest" name="loginPageTextValidationTest" time="0.084"/>
  <testcase classname="com.OrangeHRMApplicationPageTestCases.OrangeHRMLoginPageTest" name="loginPageloginFuctionalityTest" time="6.451"/>
</testsuite> <!-- Default test -->
