<?xml version="1.0" encoding="UTF-8"?>
<!-- Generated by org.testng.reporters.JUnitXMLReporter -->
<testsuite ignored="0" hostname="RAJU" failures="0" tests="3" name="Default test" time="13.765" errors="0" timestamp="2023-02-03T17:42:16 IST">
  <testcase classname="com.OranageHRMTestCases.OHRM_AddEmployee" name="AddEmployee" time="0.023"/>
  <testcase classname="com.OranageHRMTestCases.OHRM_AddEmployee" name="LoginfuctionaltyTest" time="8.504"/>
  <testcase classname="com.OranageHRMTestCases.OHRM_AddEmployee" name="LogoutTest" time="2.721"/>
</testsuite> <!-- Default test -->
