<?xml version="1.0" encoding="UTF-8"?>
<!-- Generated by org.testng.reporters.JUnitXMLReporter -->
<testsuite ignored="0" hostname="RAJU" failures="0" tests="6" name="Default test" time="0.103" errors="0" timestamp="2023-01-24T15:05:15 IST">
  <testcase classname="com.TestNG.Annotations1" name="gmailApplicationclose" time="0.012"/>
  <testcase classname="com.TestNG.Annotations1" name="gmailApplicationlounch" time="0.002"/>
  <testcase classname="com.TestNG.Annotations1" name="gmailComposemailTest" time="0.001"/>
  <testcase classname="com.TestNG.Annotations1" name="gmailDroftTest" time="0.002"/>
  <testcase classname="com.TestNG.Annotations1" name="gmailInBoxTest" time="0.001"/>
  <testcase classname="com.TestNG.Annotations1" name="gmailSentMailTest" time="0.001"/>
</testsuite> <!-- Default test -->
