<?xml version="1.0" encoding="UTF-8"?>
<!-- Generated by org.testng.reporters.JUnitXMLReporter -->
<testsuite ignored="0" hostname="RAJU" failures="0" tests="3" name="OrangeHRMApplicationAddEmployee" time="32.711" errors="0" timestamp="2023-01-30T21:36:10 IST">
  <testcase classname="com.OranageHRMTestCases.OHRM_AddEmployee" name="AddEmployee" time="0.026"/>
  <testcase classname="com.OranageHRMTestCases.OHRM_AddEmployee" name="LoginfuctionaltyTest" time="20.644"/>
  <testcase classname="com.OranageHRMTestCases.OHRM_AddEmployee" name="LogoutTest" time="2.661"/>
</testsuite> <!-- OrangeHRMApplicationAddEmployee -->
