<?xml version="1.0" encoding="UTF-8"?>
<!-- Generated by org.testng.reporters.JUnitXMLReporter -->
<testsuite ignored="0" hostname="RAJU" failures="0" tests="3" name="OrangeHRMApplicationLogInTest" time="2.463" errors="0" timestamp="2023-02-08T12:40:01 IST">
  <testcase classname="com.OrangeHRM.BaseTest" name="@BeforeTest applicationLaunch" time="2.193">
    <failure type="org.openqa.selenium.SessionNotCreatedException" message="session not created: This version of ChromeDriver only supports Chrome version 108
Current browser version is 110.0.5481.77 with binary path C:\Program Files\Google\Chrome\Application\chrome.exe
Build info: version: &amp;apos;3.141.59&amp;apos;, revision: &amp;apos;e82be7d358&amp;apos;, time: &amp;apos;2018-11-14T08:25:53&amp;apos;
System info: host: &amp;apos;RAJU&amp;apos;, ip: &amp;apos;192.168.43.27&amp;apos;, os.name: &amp;apos;Windows 11&amp;apos;, os.arch: &amp;apos;amd64&amp;apos;, os.version: &amp;apos;10.0&amp;apos;, java.version: &amp;apos;17.0.5&amp;apos;
Driver info: driver.version: ChromeDriver
remote stacktrace: Backtrace:
	(No symbol) [0x0035F243]
	(No symbol) [0x002E7FD1]
	(No symbol) [0x001DD04D]
	(No symbol) [0x001FF6B4]
	(No symbol) [0x001FA97C]
	(No symbol) [0x001F82E9]
	(No symbol) [0x0022F056]
	(No symbol) [0x0022EB2A]
	(No symbol) [0x00228386]
	(No symbol) [0x0020163C]
	(No symbol) [0x0020269D]
	GetHandleVerifier [0x005F9A22+2655074]
	GetHandleVerifier [0x005ECA24+2601828]
	GetHandleVerifier [0x00408C0A+619850]
	GetHandleVerifier [0x00407830+614768]
	(No symbol) [0x002F05FC]
	(No symbol) [0x002F5968]
	(No symbol) [0x002F5A55]
	(No symbol) [0x0030051B]
	BaseThreadInitThunk [0x769F6BD9+25]
	RtlGetFullPathName_UEx [0x774E8FD2+1218]
	RtlGetFullPathName_UEx [0x774E8F9D+1165]
">
      <![CDATA[org.openqa.selenium.SessionNotCreatedException: session not created: This version of ChromeDriver only supports Chrome version 108
Current browser version is 110.0.5481.77 with binary path C:\Program Files\Google\Chrome\Application\chrome.exe
Build info: version: '3.141.59', revision: 'e82be7d358', time: '2018-11-14T08:25:53'
System info: host: 'RAJU', ip: '192.168.43.27', os.name: 'Windows 11', os.arch: 'amd64', os.version: '10.0', java.version: '17.0.5'
Driver info: driver.version: ChromeDriver
remote stacktrace: Backtrace:
(No symbol) [0x0035F243]
(No symbol) [0x002E7FD1]
(No symbol) [0x001DD04D]
(No symbol) [0x001FF6B4]
(No symbol) [0x001FA97C]
(No symbol) [0x001F82E9]
(No symbol) [0x0022F056]
(No symbol) [0x0022EB2A]
(No symbol) [0x00228386]
(No symbol) [0x0020163C]
(No symbol) [0x0020269D]
GetHandleVerifier [0x005F9A22+2655074]
GetHandleVerifier [0x005ECA24+2601828]
GetHandleVerifier [0x00408C0A+619850]
GetHandleVerifier [0x00407830+614768]
(No symbol) [0x002F05FC]
(No symbol) [0x002F5968]
(No symbol) [0x002F5A55]
(No symbol) [0x0030051B]
BaseThreadInitThunk [0x769F6BD9+25]
RtlGetFullPathName_UEx [0x774E8FD2+1218]
RtlGetFullPathName_UEx [0x774E8F9D+1165]

at org.openqa.selenium.remote.W3CHandshakeResponse.lambda$errorHandler$0(W3CHandshakeResponse.java:62)
at org.openqa.selenium.remote.HandshakeResponse.lambda$getResponseFunction$0(HandshakeResponse.java:30)
at org.openqa.selenium.remote.ProtocolHandshake.lambda$createSession$0(ProtocolHandshake.java:126)
at java.base/java.util.stream.ReferencePipeline$3$1.accept(ReferencePipeline.java:197)
at java.base/java.util.Spliterators$ArraySpliterator.tryAdvance(Spliterators.java:1002)
at java.base/java.util.stream.ReferencePipeline.forEachWithCancel(ReferencePipeline.java:129)
at java.base/java.util.stream.AbstractPipeline.copyIntoWithCancel(AbstractPipeline.java:527)
at java.base/java.util.stream.AbstractPipeline.copyInto(AbstractPipeline.java:513)
at java.base/java.util.stream.AbstractPipeline.wrapAndCopyInto(AbstractPipeline.java:499)
at java.base/java.util.stream.FindOps$FindOp.evaluateSequential(FindOps.java:150)
at java.base/java.util.stream.AbstractPipeline.evaluate(AbstractPipeline.java:234)
at java.base/java.util.stream.ReferencePipeline.findFirst(ReferencePipeline.java:647)
at org.openqa.selenium.remote.ProtocolHandshake.createSession(ProtocolHandshake.java:128)
at org.openqa.selenium.remote.ProtocolHandshake.createSession(ProtocolHandshake.java:74)
at org.openqa.selenium.remote.HttpCommandExecutor.execute(HttpCommandExecutor.java:136)
at org.openqa.selenium.remote.service.DriverCommandExecutor.execute(DriverCommandExecutor.java:83)
at org.openqa.selenium.remote.RemoteWebDriver.execute(RemoteWebDriver.java:552)
at org.openqa.selenium.remote.RemoteWebDriver.startSession(RemoteWebDriver.java:213)
at org.openqa.selenium.remote.RemoteWebDriver.<init>(RemoteWebDriver.java:131)
at org.openqa.selenium.chrome.ChromeDriver.<init>(ChromeDriver.java:181)
at org.openqa.selenium.chrome.ChromeDriver.<init>(ChromeDriver.java:168)
at org.openqa.selenium.chrome.ChromeDriver.<init>(ChromeDriver.java:123)
at com.OrangeHRM.BaseTest.applicationLaunch(BaseTest.java:18)
at java.base/java.util.concurrent.FutureTask.run(FutureTask.java:264)
at java.base/java.util.concurrent.ThreadPoolExecutor.runWorker(ThreadPoolExecutor.java:1136)
at java.base/java.util.concurrent.ThreadPoolExecutor$Worker.run(ThreadPoolExecutor.java:635)
at java.base/java.lang.Thread.run(Thread.java:833)
... Removed 20 stack frames]]>
    </failure>
  </testcase> <!-- @BeforeTest applicationLaunch -->
  <testcase classname="com.OrangeHRM.BaseTest" name="@BeforeTest applicationLaunch" time="2.273">
    <failure type="org.openqa.selenium.SessionNotCreatedException" message="session not created: This version of ChromeDriver only supports Chrome version 108
Current browser version is 110.0.5481.77 with binary path C:\Program Files\Google\Chrome\Application\chrome.exe
Build info: version: &amp;apos;3.141.59&amp;apos;, revision: &amp;apos;e82be7d358&amp;apos;, time: &amp;apos;2018-11-14T08:25:53&amp;apos;
System info: host: &amp;apos;RAJU&amp;apos;, ip: &amp;apos;192.168.43.27&amp;apos;, os.name: &amp;apos;Windows 11&amp;apos;, os.arch: &amp;apos;amd64&amp;apos;, os.version: &amp;apos;10.0&amp;apos;, java.version: &amp;apos;17.0.5&amp;apos;
Driver info: driver.version: ChromeDriver
remote stacktrace: Backtrace:
	(No symbol) [0x0035F243]
	(No symbol) [0x002E7FD1]
	(No symbol) [0x001DD04D]
	(No symbol) [0x001FF6B4]
	(No symbol) [0x001FA97C]
	(No symbol) [0x001F82E9]
	(No symbol) [0x0022F056]
	(No symbol) [0x0022EB2A]
	(No symbol) [0x00228386]
	(No symbol) [0x0020163C]
	(No symbol) [0x0020269D]
	GetHandleVerifier [0x005F9A22+2655074]
	GetHandleVerifier [0x005ECA24+2601828]
	GetHandleVerifier [0x00408C0A+619850]
	GetHandleVerifier [0x00407830+614768]
	(No symbol) [0x002F05FC]
	(No symbol) [0x002F5968]
	(No symbol) [0x002F5A55]
	(No symbol) [0x0030051B]
	BaseThreadInitThunk [0x769F6BD9+25]
	RtlGetFullPathName_UEx [0x774E8FD2+1218]
	RtlGetFullPathName_UEx [0x774E8F9D+1165]
">
      <![CDATA[org.openqa.selenium.SessionNotCreatedException: session not created: This version of ChromeDriver only supports Chrome version 108
Current browser version is 110.0.5481.77 with binary path C:\Program Files\Google\Chrome\Application\chrome.exe
Build info: version: '3.141.59', revision: 'e82be7d358', time: '2018-11-14T08:25:53'
System info: host: 'RAJU', ip: '192.168.43.27', os.name: 'Windows 11', os.arch: 'amd64', os.version: '10.0', java.version: '17.0.5'
Driver info: driver.version: ChromeDriver
remote stacktrace: Backtrace:
(No symbol) [0x0035F243]
(No symbol) [0x002E7FD1]
(No symbol) [0x001DD04D]
(No symbol) [0x001FF6B4]
(No symbol) [0x001FA97C]
(No symbol) [0x001F82E9]
(No symbol) [0x0022F056]
(No symbol) [0x0022EB2A]
(No symbol) [0x00228386]
(No symbol) [0x0020163C]
(No symbol) [0x0020269D]
GetHandleVerifier [0x005F9A22+2655074]
GetHandleVerifier [0x005ECA24+2601828]
GetHandleVerifier [0x00408C0A+619850]
GetHandleVerifier [0x00407830+614768]
(No symbol) [0x002F05FC]
(No symbol) [0x002F5968]
(No symbol) [0x002F5A55]
(No symbol) [0x0030051B]
BaseThreadInitThunk [0x769F6BD9+25]
RtlGetFullPathName_UEx [0x774E8FD2+1218]
RtlGetFullPathName_UEx [0x774E8F9D+1165]

at org.openqa.selenium.remote.W3CHandshakeResponse.lambda$errorHandler$0(W3CHandshakeResponse.java:62)
at org.openqa.selenium.remote.HandshakeResponse.lambda$getResponseFunction$0(HandshakeResponse.java:30)
at org.openqa.selenium.remote.ProtocolHandshake.lambda$createSession$0(ProtocolHandshake.java:126)
at java.base/java.util.stream.ReferencePipeline$3$1.accept(ReferencePipeline.java:197)
at java.base/java.util.Spliterators$ArraySpliterator.tryAdvance(Spliterators.java:1002)
at java.base/java.util.stream.ReferencePipeline.forEachWithCancel(ReferencePipeline.java:129)
at java.base/java.util.stream.AbstractPipeline.copyIntoWithCancel(AbstractPipeline.java:527)
at java.base/java.util.stream.AbstractPipeline.copyInto(AbstractPipeline.java:513)
at java.base/java.util.stream.AbstractPipeline.wrapAndCopyInto(AbstractPipeline.java:499)
at java.base/java.util.stream.FindOps$FindOp.evaluateSequential(FindOps.java:150)
at java.base/java.util.stream.AbstractPipeline.evaluate(AbstractPipeline.java:234)
at java.base/java.util.stream.ReferencePipeline.findFirst(ReferencePipeline.java:647)
at org.openqa.selenium.remote.ProtocolHandshake.createSession(ProtocolHandshake.java:128)
at org.openqa.selenium.remote.ProtocolHandshake.createSession(ProtocolHandshake.java:74)
at org.openqa.selenium.remote.HttpCommandExecutor.execute(HttpCommandExecutor.java:136)
at org.openqa.selenium.remote.service.DriverCommandExecutor.execute(DriverCommandExecutor.java:83)
at org.openqa.selenium.remote.RemoteWebDriver.execute(RemoteWebDriver.java:552)
at org.openqa.selenium.remote.RemoteWebDriver.startSession(RemoteWebDriver.java:213)
at org.openqa.selenium.remote.RemoteWebDriver.<init>(RemoteWebDriver.java:131)
at org.openqa.selenium.chrome.ChromeDriver.<init>(ChromeDriver.java:181)
at org.openqa.selenium.chrome.ChromeDriver.<init>(ChromeDriver.java:168)
at org.openqa.selenium.chrome.ChromeDriver.<init>(ChromeDriver.java:123)
at com.OrangeHRM.BaseTest.applicationLaunch(BaseTest.java:18)
at java.base/java.util.concurrent.FutureTask.run(FutureTask.java:264)
at java.base/java.util.concurrent.ThreadPoolExecutor.runWorker(ThreadPoolExecutor.java:1136)
at java.base/java.util.concurrent.ThreadPoolExecutor$Worker.run(ThreadPoolExecutor.java:635)
at java.base/java.lang.Thread.run(Thread.java:833)
... Removed 20 stack frames]]>
    </failure>
  </testcase> <!-- @BeforeTest applicationLaunch -->
  <testcase classname="com.OrangeHRM.BaseTest" name="@AfterTest Applicationclose" time="-1.675840201459E9">
    <skipped/>
  </testcase> <!-- @AfterTest Applicationclose -->
  <testcase classname="com.OrangeHRM.BaseTest" name="@AfterTest Applicationclose" time="-1.675840201569E9">
    <skipped/>
  </testcase> <!-- @AfterTest Applicationclose -->
  <testcase classname="com.OranageHRMTestCases.OrangeHRM_LogInTest" name="LoginPanelTest" time="0.0">
    <skipped/>
  </testcase> <!-- LoginPanelTest -->
  <testcase classname="com.OranageHRMTestCases.OrangeHRM_LogInTest" name="LoginFuctionalityTest" time="0.0">
    <skipped/>
  </testcase> <!-- LoginFuctionalityTest -->
  <testcase classname="com.OranageHRMTestCases.OrangeHRM_LogInTest" name="LogOutTest" time="0.0">
    <skipped/>
  </testcase> <!-- LogOutTest -->
</testsuite> <!-- OrangeHRMApplicationLogInTest -->
