<?xml version="1.0" encoding="UTF-8"?>
<!-- Generated by org.testng.reporters.JUnitXMLReporter -->
<testsuite ignored="0" hostname="RAJU" failures="0" tests="3" name="OrangeHRMApplicationAddEmployeeTest" time="12.386" errors="0" timestamp="2023-01-29T19:44:27 IST">
  <testcase classname="com.OranageHRMTestCases.OHRM_AddEmployee" name="AddEmployee" time="0.031"/>
  <testcase classname="com.OranageHRMTestCases.OHRM_AddEmployee" name="LoginfuctionaltyTest" time="6.29"/>
  <testcase classname="com.OranageHRMTestCases.OHRM_AddEmployee" name="LogoutTest" time="2.746"/>
</testsuite> <!-- OrangeHRMApplicationAddEmployeeTest -->
